Detecting compiler hash for triplet x64-linux...
Compiler found: /usr/bin/clang++
The following packages will be built and installed:
    gtest:x64-linux@1.17.0#1
    taskflow:x64-linux@3.10.0
  * vcpkg-cmake:x64-linux@2024-04-23
  * vcpkg-cmake-config:x64-linux@2024-05-23
Additional packages (*) will be modified to complete this operation.
Restored 0 package(s) from /home/runner/.cache/vcpkg/archives in 21.7 us. Use --debug to see more details.
Installing 1/4 vcpkg-cmake-config:x64-linux@2024-05-23...
Building vcpkg-cmake-config:x64-linux@2024-05-23...
-- Installing: /home/runner/work/atlas/atlas/vcpkg/packages/vcpkg-cmake-config_x64-linux/share/vcpkg-cmake-config/vcpkg_cmake_config_fixup.cmake
-- Installing: /home/runner/work/atlas/atlas/vcpkg/packages/vcpkg-cmake-config_x64-linux/share/vcpkg-cmake-config/vcpkg-port-config.cmake
-- Installing: /home/runner/work/atlas/atlas/vcpkg/packages/vcpkg-cmake-config_x64-linux/share/vcpkg-cmake-config/copyright
-- Skipping post-build validation due to VCPKG_POLICY_EMPTY_PACKAGE
Starting submission of vcpkg-cmake-config:x64-linux@2024-05-23 to 1 binary cache(s) in the background
Elapsed time to handle vcpkg-cmake-config:x64-linux: 16.5 ms
vcpkg-cmake-config:x64-linux package ABI: 856f00f75543bb365726e8c10b2a98014fd3009b7ef7ccaba850c1dc8de5a71f
Installing 2/4 vcpkg-cmake:x64-linux@2024-04-23...
Building vcpkg-cmake:x64-linux@2024-04-23...
-- Installing: /home/runner/work/atlas/atlas/vcpkg/packages/vcpkg-cmake_x64-linux/share/vcpkg-cmake/vcpkg_cmake_configure.cmake
-- Installing: /home/runner/work/atlas/atlas/vcpkg/packages/vcpkg-cmake_x64-linux/share/vcpkg-cmake/vcpkg_cmake_build.cmake
-- Installing: /home/runner/work/atlas/atlas/vcpkg/packages/vcpkg-cmake_x64-linux/share/vcpkg-cmake/vcpkg_cmake_install.cmake
-- Installing: /home/runner/work/atlas/atlas/vcpkg/packages/vcpkg-cmake_x64-linux/share/vcpkg-cmake/vcpkg-port-config.cmake
-- Installing: /home/runner/work/atlas/atlas/vcpkg/packages/vcpkg-cmake_x64-linux/share/vcpkg-cmake/copyright
-- Performing post-build validation
Starting submission of vcpkg-cmake:x64-linux@2024-04-23 to 1 binary cache(s) in the background
Elapsed time to handle vcpkg-cmake:x64-linux: 17.4 ms
vcpkg-cmake:x64-linux package ABI: 5a0e91227e8ecbbf707189d56ee5a6f9b91ba7219b9e71f76a25305aac3dc569
Completed submission of vcpkg-cmake-config:x64-linux@2024-05-23 to 1 binary cache(s) in 2.93 ms
Installing 3/4 gtest:x64-linux@1.17.0#1...
Building gtest:x64-linux@1.17.0#1...
-- Using cached google-googletest-v1.17.0.tar.gz
-- Cleaning sources at /home/runner/work/atlas/atlas/vcpkg/buildtrees/gtest/src/v1.17.0-0c449efaff.clean. Use --editable to skip cleaning for the packages you specify.
-- Extracting source /home/runner/work/atlas/atlas/vcpkg/downloads/google-googletest-v1.17.0.tar.gz
-- Applying patch 001-fix-UWP-death-test.patch
-- Applying patch clang-tidy-no-lint.patch
-- Applying patch fix-main-lib-path.patch
-- Using source at /home/runner/work/atlas/atlas/vcpkg/buildtrees/gtest/src/v1.17.0-0c449efaff.clean
-- Found external ninja('1.13.0').
-- Configuring x64-linux
-- Building x64-linux-dbg
-- Building x64-linux-rel
-- Installing: /home/runner/work/atlas/atlas/vcpkg/packages/gtest_x64-linux/src/gtest.cc
-- Installing: /home/runner/work/atlas/atlas/vcpkg/packages/gtest_x64-linux/src/gtest_main.cc
-- Installing: /home/runner/work/atlas/atlas/vcpkg/packages/gtest_x64-linux/src/gtest-all.cc
-- Installing: /home/runner/work/atlas/atlas/vcpkg/packages/gtest_x64-linux/src/gtest-assertion-result.cc
-- Installing: /home/runner/work/atlas/atlas/vcpkg/packages/gtest_x64-linux/src/gtest-death-test.cc
-- Installing: /home/runner/work/atlas/atlas/vcpkg/packages/gtest_x64-linux/src/gtest-filepath.cc
-- Installing: /home/runner/work/atlas/atlas/vcpkg/packages/gtest_x64-linux/src/gtest-internal-inl.h
-- Installing: /home/runner/work/atlas/atlas/vcpkg/packages/gtest_x64-linux/src/gtest-matchers.cc
-- Installing: /home/runner/work/atlas/atlas/vcpkg/packages/gtest_x64-linux/src/gtest-port.cc
-- Installing: /home/runner/work/atlas/atlas/vcpkg/packages/gtest_x64-linux/src/gtest-printers.cc
-- Installing: /home/runner/work/atlas/atlas/vcpkg/packages/gtest_x64-linux/src/gtest-test-part.cc
-- Installing: /home/runner/work/atlas/atlas/vcpkg/packages/gtest_x64-linux/src/gtest-typed-test.cc
-- Fixing pkgconfig file: /home/runner/work/atlas/atlas/vcpkg/packages/gtest_x64-linux/lib/pkgconfig/gmock.pc
-- Fixing pkgconfig file: /home/runner/work/atlas/atlas/vcpkg/packages/gtest_x64-linux/lib/pkgconfig/gmock_main.pc
-- Fixing pkgconfig file: /home/runner/work/atlas/atlas/vcpkg/packages/gtest_x64-linux/lib/pkgconfig/gtest.pc
-- Fixing pkgconfig file: /home/runner/work/atlas/atlas/vcpkg/packages/gtest_x64-linux/lib/pkgconfig/gtest_main.pc
-- Fixing pkgconfig file: /home/runner/work/atlas/atlas/vcpkg/packages/gtest_x64-linux/debug/lib/pkgconfig/gmock.pc
-- Fixing pkgconfig file: /home/runner/work/atlas/atlas/vcpkg/packages/gtest_x64-linux/debug/lib/pkgconfig/gmock_main.pc
-- Fixing pkgconfig file: /home/runner/work/atlas/atlas/vcpkg/packages/gtest_x64-linux/debug/lib/pkgconfig/gtest.pc
-- Fixing pkgconfig file: /home/runner/work/atlas/atlas/vcpkg/packages/gtest_x64-linux/debug/lib/pkgconfig/gtest_main.pc
-- Installing: /home/runner/work/atlas/atlas/vcpkg/packages/gtest_x64-linux/share/gtest/copyright
-- Installing: /home/runner/work/atlas/atlas/vcpkg/packages/gtest_x64-linux/share/gtest/usage
-- Performing post-build validation
Starting submission of gtest:x64-linux@1.17.0#1 to 1 binary cache(s) in the background
Elapsed time to handle gtest:x64-linux: 16 s
gtest:x64-linux package ABI: 766f86cae3d32c3f31f799da28ff354d0831315e4452d62ab6973faadf31f61f
Completed submission of vcpkg-cmake:x64-linux@2024-04-23 to 1 binary cache(s) in 2.82 ms
Installing 4/4 taskflow:x64-linux@3.10.0...
Building taskflow:x64-linux@3.10.0...
-- Using cached taskflow-taskflow-v3.10.0.tar.gz
-- Cleaning sources at /home/runner/work/atlas/atlas/vcpkg/buildtrees/taskflow/src/v3.10.0-7396c9768b.clean. Use --editable to skip cleaning for the packages you specify.
-- Extracting source /home/runner/work/atlas/atlas/vcpkg/downloads/taskflow-taskflow-v3.10.0.tar.gz
-- Using source at /home/runner/work/atlas/atlas/vcpkg/buildtrees/taskflow/src/v3.10.0-7396c9768b.clean
-- Found external ninja('1.13.0').
-- Configuring x64-linux
-- Building x64-linux-dbg
-- Building x64-linux-rel
-- Installing: /home/runner/work/atlas/atlas/vcpkg/packages/taskflow_x64-linux/share/taskflow/copyright
-- Performing post-build validation
Starting submission of taskflow:x64-linux@3.10.0 to 1 binary cache(s) in the background
Elapsed time to handle taskflow:x64-linux: 1.8 s
taskflow:x64-linux package ABI: 7f16d3f77d4ce25c1ae9bb874aacb9d6d2a12889541e884e3e651b16b2a35b04
Installed contents are licensed to you by owners. Microsoft is not responsible for, nor does it grant any licenses to, third-party packages.
Packages installed in this vcpkg installation declare the following licenses:
BSD-3-Clause
MIT
The package gtest is compatible with built-in CMake targets:

    enable_testing()
    
    find_package(GTest CONFIG REQUIRED)
    target_link_libraries(main PRIVATE GTest::gtest GTest::gtest_main GTest::gmock GTest::gmock_main)
    
    add_test(AllTestsInMain main)

taskflow provides CMake targets:

  # this is heuristically generated, and may not be correct
  find_package(Taskflow CONFIG REQUIRED)
  target_link_libraries(main PRIVATE Taskflow::Taskflow)

Completed submission of gtest:x64-linux@1.17.0#1 to 1 binary cache(s) in 252 ms
Waiting for 1 remaining binary cache submissions...
Completed submission of taskflow:x64-linux@3.10.0 to 1 binary cache(s) in 23.6 ms (1/1)
All requested installations completed successfully in: 18 s
